#
# A fatal error has been detected by the Java Runtime Environment:
#
#  EXCEPTION_ACCESS_VIOLATION (0xc0000005) at pc=0x00000000649b7a66, pid=1972, tid=0x0000000000004058
#
# JRE version: Java(TM) SE Runtime Environment (8.0_202-b08) (build 1.8.0_202-b08)
# Java VM: Java HotSpot(TM) 64-Bit Server VM (25.202-b08 mixed mode windows-amd64 compressed oops)
# Problematic frame:
# V  [jvm.dll+0x237a66]
#
# Failed to write core dump. Minidumps are not enabled by default on client versions of Windows
#
# If you would like to submit a bug report, please visit:
#   http://bugreport.java.com/bugreport/crash.jsp
#

---------------  T H R E A D  ---------------

Current thread (0x000000001c208800):  VMThread [stack: 0x000000001dee0000,0x000000001dfe0000] [id=16472]

siginfo: ExceptionCode=0xc0000005, reading address 0x0000000000000008

Registers:
RAX=0x0000000000000000, RBX=0x000000001dfde830, RCX=0x000000001dfde830, RDX=0x0000000000000028
RSP=0x000000001dfde560, RBP=0x000000001dfded70, RSI=0x0000000000000000, RDI=0x000000001dfdef00
R8 =0x0000000000000000, R9 =0x000000001bc810d8, R10=0x0000000000000008, R11=0x0000000064d89f48
R12=0x000000001c095780, R13=0x000000001dfded30, R14=0x00000000000003d8, R15=0x000000001dfded20
RIP=0x00000000649b7a66, EFLAGS=0x0000000000010202

Top of Stack: (sp=0x000000001dfde560)
0x000000001dfde560:   0000000000000000 0000000000000000
0x000000001dfde570:   0000000000000000 0000000000000000
0x000000001dfde580:   0000000000000000 0000000000000000
0x000000001dfde590:   0000000000000000 0000000000000000
0x000000001dfde5a0:   0000000000000000 0000000000000000
0x000000001dfde5b0:   000000000266f1e0 000000000266f1e0
0x000000001dfde5c0:   0000000000000000 0000000000000000
0x000000001dfde5d0:   0000000000000000 0000000000000000
0x000000001dfde5e0:   0000000000000000 0000000000000000
0x000000001dfde5f0:   0000000000000000 0000000000000000
0x000000001dfde600:   0000000000000000 0000000000000000
0x000000001dfde610:   0000000000000000 0000000000000000
0x000000001dfde620:   0000000000000000 0000000000000000
0x000000001dfde630:   0000000000000000 0000000000000000
0x000000001dfde640:   0000000000000000 0000000000000000
0x000000001dfde650:   0000000000000000 0000000000000000 

Instructions: (pc=0x00000000649b7a66)
0x00000000649b7a46:   01 00 00 48 8b 05 e0 cd 5b 00 48 33 c4 48 89 84
0x00000000649b7a56:   24 30 01 00 00 4c 63 41 10 48 8b 41 08 48 8b d9
0x00000000649b7a66:   42 38 54 00 08 74 33 44 0f be c2 48 8d 4c 24 20
0x00000000649b7a76:   48 8d 15 13 fa 3e 00 e8 7e e2 de ff 48 8d 0d 97 


Register to memory mapping:

RAX=0x0000000000000000 is an unknown value
RBX=0x000000001dfde830 is an unknown value
RCX=0x000000001dfde830 is an unknown value
RDX=0x0000000000000028 is an unknown value
RSP=0x000000001dfde560 is an unknown value
RBP=0x000000001dfded70 is an unknown value
RSI=0x0000000000000000 is an unknown value
RDI=0x000000001dfdef00 is an unknown value
R8 =0x0000000000000000 is an unknown value
R9 =0x000000001bc810d8 is pointing into metadata
R10=0x0000000000000008 is an unknown value
R11=0x0000000064d89f48 is an unknown value
R12=0x000000001c095780 is an unknown value
R13=0x000000001dfded30 is an unknown value
R14=0x00000000000003d8 is an unknown value
R15=0x000000001dfded20 is an unknown value


Stack: [0x000000001dee0000,0x000000001dfe0000],  sp=0x000000001dfde560,  free space=1017k
Native frames: (J=compiled Java code, j=interpreted, Vv=VM code, C=native code)
V  [jvm.dll+0x237a66]
V  [jvm.dll+0x2380e4]
V  [jvm.dll+0xff773]
V  [jvm.dll+0x102863]
V  [jvm.dll+0x10332f]
V  [jvm.dll+0x103b75]
V  [jvm.dll+0x103dc2]
V  [jvm.dll+0xc529e]
V  [jvm.dll+0xc5928]
V  [jvm.dll+0xc5a5a]
V  [jvm.dll+0xc5c58]
V  [jvm.dll+0x10fc2a]
V  [jvm.dll+0x12d5bf]
V  [jvm.dll+0x1bf7ff]
V  [jvm.dll+0x24d5d7]
V  [jvm.dll+0x24c876]
V  [jvm.dll+0x24cd11]
V  [jvm.dll+0x24cf2e]
V  [jvm.dll+0x29fc6a]
C  [msvcr100.dll+0x21d9f]
C  [msvcr100.dll+0x21e3b]
C  [KERNEL32.DLL+0x17374]
C  [ntdll.dll+0x4cc91]

VM_Operation (0x000000001ed1f890): GetOrSetLocal, mode: safepoint, requested by thread 0x000000001e01c800


---------------  P R O C E S S  ---------------

Java Threads: ( => current thread )
  0x000000001e395000 JavaThread "ReaderThread" [_thread_in_native, id=9652, stack(0x000000001fd20000,0x000000001fe20000)]
  0x000000001e22e800 JavaThread "Service Thread" daemon [_thread_blocked, id=20660, stack(0x000000001f320000,0x000000001f420000)]
  0x000000001e193800 JavaThread "C1 CompilerThread3" daemon [_thread_blocked, id=24264, stack(0x000000001f220000,0x000000001f320000)]
  0x000000001e18d000 JavaThread "C2 CompilerThread2" daemon [_thread_blocked, id=17008, stack(0x000000001f120000,0x000000001f220000)]
  0x000000001e18c000 JavaThread "C2 CompilerThread1" daemon [_thread_blocked, id=23192, stack(0x000000001f020000,0x000000001f120000)]
  0x000000001e18b800 JavaThread "C2 CompilerThread0" daemon [_thread_blocked, id=23508, stack(0x000000001ef20000,0x000000001f020000)]
  0x000000001e02c800 JavaThread "JDWP Command Reader" daemon [_thread_in_native, id=23676, stack(0x000000001ee20000,0x000000001ef20000)]
  0x000000001e029800 JavaThread "JDWP Event Helper Thread" daemon [_thread_blocked, id=21636, stack(0x000000001ed20000,0x000000001ee20000)]
  0x000000001e01c800 JavaThread "JDWP Transport Listener: dt_socket" daemon [_thread_blocked, id=21632, stack(0x000000001ec20000,0x000000001ed20000)]
  0x000000001e015800 JavaThread "Attach Listener" daemon [_thread_blocked, id=22516, stack(0x000000001e7e0000,0x000000001e8e0000)]
  0x000000001e014800 JavaThread "Signal Dispatcher" daemon [_thread_blocked, id=17304, stack(0x000000001e6e0000,0x000000001e7e0000)]
  0x000000000297b000 JavaThread "Finalizer" daemon [_thread_blocked, id=18052, stack(0x000000001e4e0000,0x000000001e5e0000)]
  0x000000001e000800 JavaThread "Reference Handler" daemon [_thread_blocked, id=23416, stack(0x000000001e3e0000,0x000000001e4e0000)]
  0x0000000002884000 JavaThread "main" [_thread_blocked, id=3940, stack(0x0000000002570000,0x0000000002670000)]

Other Threads:
=>0x000000001c208800 VMThread [stack: 0x000000001dee0000,0x000000001dfe0000] [id=16472]
  0x000000001e2eb000 WatcherThread [stack: 0x000000001f420000,0x000000001f520000] [id=1320]

VM state:at safepoint (normal execution)

VM Mutex/Monitor currently owned by a thread:  ([mutex/lock_event])
[0x00000000028800d0] Threads_lock - owner thread: 0x000000001c208800

heap address: 0x00000006c4400000, size: 4028 MB, Compressed Oops mode: Zero based, Oop shift amount: 3
Narrow klass base: 0x0000000000000000, Narrow klass shift: 3
Compressed class space size: 1073741824 Address: 0x00000007c0000000

Heap:
 PSYoungGen      total 75264K, used 24651K [0x000000076c180000, 0x0000000771580000, 0x00000007c0000000)
  eden space 64512K, 38% used [0x000000076c180000,0x000000076d992d68,0x0000000770080000)
  from space 10752K, 0% used [0x0000000770b00000,0x0000000770b00000,0x0000000771580000)
  to   space 10752K, 0% used [0x0000000770080000,0x0000000770080000,0x0000000770b00000)
 ParOldGen       total 172032K, used 0K [0x00000006c4400000, 0x00000006cec00000, 0x000000076c180000)
  object space 172032K, 0% used [0x00000006c4400000,0x00000006c4400000,0x00000006cec00000)
 Metaspace       used 6615K, capacity 6744K, committed 6912K, reserved 1056768K
  class space    used 719K, capacity 754K, committed 768K, reserved 1048576K

Card table byte_map: [0x0000000011d40000,0x0000000012520000] byte_map_base: 0x000000000e71e000

Marking Bits: (ParMarkBitMap*) 0x0000000064fa5ce0
 Begin Bits: [0x0000000013260000, 0x0000000017150000)
 End Bits:   [0x0000000017150000, 0x000000001b040000)

Polling page: 0x0000000000d80000

CodeCache: size=245760Kb used=1986Kb max_used=1999Kb free=243773Kb
 bounds [0x0000000002980000, 0x0000000002bf0000, 0x0000000011980000]
 total_blobs=639 nmethods=336 adapters=224
 compilation: enabled

Compilation events (10 events):
Event: 0.351 Thread 0x000000001e193800  332   !   3       java.util.zip.InflaterInputStream::read (138 bytes)
Event: 0.352 Thread 0x000000001e193800 nmethod 332 0x0000000002b6dcd0 code [0x0000000002b6df60, 0x0000000002b6f0c8]
Event: 0.352 Thread 0x000000001e193800  333       3       java.util.zip.InflaterInputStream::ensureOpen (18 bytes)
Event: 0.352 Thread 0x000000001e193800 nmethod 333 0x0000000002b6d810 code [0x0000000002b6d980, 0x0000000002b6dbe8]
Event: 0.353 Thread 0x000000001e18d000  334 %     4       sun.nio.cs.UTF_8$Decoder::decode @ 20 (779 bytes)
Event: 0.353 Thread 0x000000001e193800  335       3       java.lang.String::checkBounds (46 bytes)
Event: 0.353 Thread 0x000000001e193800 nmethod 335 0x0000000002b70c50 code [0x0000000002b70e00, 0x0000000002b711a8]
Event: 0.353 Thread 0x000000001e193800  336       3       java.nio.charset.CharsetDecoder::maxCharsPerByte (5 bytes)
Event: 0.353 Thread 0x000000001e193800 nmethod 336 0x0000000002b6d510 code [0x0000000002b6d660, 0x0000000002b6d7b0]
Event: 0.356 Thread 0x000000001e18d000 nmethod 334% 0x0000000002b74490 code [0x0000000002b745e0, 0x0000000002b74ab8]

GC Heap History (0 events):
No events

Deoptimization events (0 events):
No events

Classes redefined (2 events):
Event: 127.921 Thread 0x000000001c208800 redefined class name=com.indus.training.persist.dao.TestEmployeeDaoImpl, count=1
Event: 192.846 Thread 0x000000001c208800 redefined class name=com.indus.training.persist.dao.TestEmployeeDaoImpl, count=2

Internal exceptions (6 events):
Event: 0.024 Thread 0x0000000002884000 Exception <a 'java/lang/NoSuchMethodError': Method sun.misc.Unsafe.defineClass(Ljava/lang/String;[BII)Ljava/lang/Class; name or signature does not match> (0x000000076c187cb0) thrown at [C:\re\workspace\8-2-build-windows-amd64-cygwin\jdk8u202\12323\hotspot
Event: 0.024 Thread 0x0000000002884000 Exception <a 'java/lang/NoSuchMethodError': Method sun.misc.Unsafe.prefetchRead(Ljava/lang/Object;J)V name or signature does not match> (0x000000076c187f98) thrown at [C:\re\workspace\8-2-build-windows-amd64-cygwin\jdk8u202\12323\hotspot\src\share\vm\prim
Event: 0.323 Thread 0x0000000002884000 Exception <a 'java/security/PrivilegedActionException'> (0x000000076ceb4368) thrown at [C:\re\workspace\8-2-build-windows-amd64-cygwin\jdk8u202\12323\hotspot\src\share\vm\prims\jvm.cpp, line 1502]
Event: 0.323 Thread 0x0000000002884000 Exception <a 'java/security/PrivilegedActionException'> (0x000000076ceb4760) thrown at [C:\re\workspace\8-2-build-windows-amd64-cygwin\jdk8u202\12323\hotspot\src\share\vm\prims\jvm.cpp, line 1502]
Event: 0.323 Thread 0x0000000002884000 Exception <a 'java/security/PrivilegedActionException'> (0x000000076ceb72b0) thrown at [C:\re\workspace\8-2-build-windows-amd64-cygwin\jdk8u202\12323\hotspot\src\share\vm\prims\jvm.cpp, line 1502]
Event: 0.323 Thread 0x0000000002884000 Exception <a 'java/security/PrivilegedActionException'> (0x000000076ceb76a8) thrown at [C:\re\workspace\8-2-build-windows-amd64-cygwin\jdk8u202\12323\hotspot\src\share\vm\prims\jvm.cpp, line 1502]

Events (10 events):
Event: 128.316 Executing VM operation: GetCurrentContendedMonitor done
Event: 192.844 Executing VM operation: RedefineClasses
Event: 192.846 Executing VM operation: RedefineClasses done
Event: 192.851 Executing VM operation: ChangeBreakpoints
Event: 192.852 Executing VM operation: ChangeBreakpoints done
Event: 192.929 Executing VM operation: GetOwnedMonitorInfo
Event: 192.929 Executing VM operation: GetOwnedMonitorInfo done
Event: 192.929 Executing VM operation: GetCurrentContendedMonitor
Event: 192.929 Executing VM operation: GetCurrentContendedMonitor done
Event: 192.995 Executing VM operation: GetOrSetLocal


Dynamic libraries:
0x00007ff68cd40000 - 0x00007ff68cd77000 	C:\Java\jdk1.8.0_202\bin\javaw.exe
0x00007ffd56eb0000 - 0x00007ffd570a8000 	C:\Windows\SYSTEM32\ntdll.dll
0x00007ffd56630000 - 0x00007ffd566f1000 	C:\Windows\System32\KERNEL32.DLL
0x00007ffd54680000 - 0x00007ffd5497d000 	C:\Windows\System32\KERNELBASE.dll
0x00007ffd56580000 - 0x00007ffd56630000 	C:\Windows\System32\ADVAPI32.dll
0x00007ffd55520000 - 0x00007ffd555be000 	C:\Windows\System32\msvcrt.dll
0x00007ffd55c00000 - 0x00007ffd55ca0000 	C:\Windows\System32\sechost.dll
0x00007ffd55f20000 - 0x00007ffd56043000 	C:\Windows\System32\RPCRT4.dll
0x00007ffd54bf0000 - 0x00007ffd54c17000 	C:\Windows\System32\bcrypt.dll
0x00007ffd559f0000 - 0x00007ffd55b8d000 	C:\Windows\System32\USER32.dll
0x00007ffd54bc0000 - 0x00007ffd54be2000 	C:\Windows\System32\win32u.dll
0x00007ffd55890000 - 0x00007ffd558bb000 	C:\Windows\System32\GDI32.dll
0x00007ffd54560000 - 0x00007ffd54677000 	C:\Windows\System32\gdi32full.dll
0x00007ffd54d90000 - 0x00007ffd54e2d000 	C:\Windows\System32\msvcp_win.dll
0x00007ffd54c20000 - 0x00007ffd54d20000 	C:\Windows\System32\ucrtbase.dll
0x00007ffd401c0000 - 0x00007ffd4045a000 	C:\Windows\WinSxS\amd64_microsoft.windows.common-controls_6595b64144ccf1df_6.0.19041.4355_none_60b8b9eb71f62e16\COMCTL32.dll
0x00007ffd559c0000 - 0x00007ffd559ef000 	C:\Windows\System32\IMM32.DLL
0x0000000065030000 - 0x0000000065102000 	C:\Java\jdk1.8.0_202\jre\bin\msvcr100.dll
0x0000000064780000 - 0x0000000065025000 	C:\Java\jdk1.8.0_202\jre\bin\server\jvm.dll
0x00007ffd55ca0000 - 0x00007ffd55ca8000 	C:\Windows\System32\PSAPI.DLL
0x00007ffd46e40000 - 0x00007ffd46e67000 	C:\Windows\SYSTEM32\WINMM.dll
0x00007ffd4d800000 - 0x00007ffd4d80a000 	C:\Windows\SYSTEM32\VERSION.dll
0x00007ffd33e50000 - 0x00007ffd33e59000 	C:\Windows\SYSTEM32\WSOCK32.dll
0x00007ffd55b90000 - 0x00007ffd55bfb000 	C:\Windows\System32\WS2_32.dll
0x00007ffd4d7f0000 - 0x00007ffd4d7ff000 	C:\Java\jdk1.8.0_202\jre\bin\verify.dll
0x00007ffd4d7c0000 - 0x00007ffd4d7e9000 	C:\Java\jdk1.8.0_202\jre\bin\java.dll
0x00007ffd4a5a0000 - 0x00007ffd4a5d5000 	C:\Java\jdk1.8.0_202\jre\bin\jdwp.dll
0x00007ffd4d7b0000 - 0x00007ffd4d7b8000 	C:\Java\jdk1.8.0_202\jre\bin\npt.dll
0x00007ffd4a390000 - 0x00007ffd4a3b3000 	C:\Java\jdk1.8.0_202\jre\bin\instrument.dll
0x00007ffd4a4c0000 - 0x00007ffd4a4d6000 	C:\Java\jdk1.8.0_202\jre\bin\zip.dll
0x00007ffd56700000 - 0x00007ffd56e6f000 	C:\Windows\System32\SHELL32.dll
0x00007ffd525c0000 - 0x00007ffd52d63000 	C:\Windows\SYSTEM32\windows.storage.dll
0x00007ffd560c0000 - 0x00007ffd56413000 	C:\Windows\System32\combase.dll
0x00007ffd53f90000 - 0x00007ffd53fbe000 	C:\Windows\SYSTEM32\Wldp.dll
0x00007ffd555c0000 - 0x00007ffd5568d000 	C:\Windows\System32\OLEAUT32.dll
0x00007ffd56420000 - 0x00007ffd564cd000 	C:\Windows\System32\SHCORE.dll
0x00007ffd55ec0000 - 0x00007ffd55f15000 	C:\Windows\System32\shlwapi.dll
0x00007ffd54490000 - 0x00007ffd544b4000 	C:\Windows\SYSTEM32\profapi.dll
0x00007ffd4a380000 - 0x00007ffd4a389000 	C:\Java\jdk1.8.0_202\jre\bin\dt_socket.dll
0x00007ffd2f050000 - 0x00007ffd2f067000 	C:\Windows\system32\napinsp.dll
0x00007ffd2f030000 - 0x00007ffd2f04b000 	C:\Windows\system32\pnrpnsp.dll
0x00007ffd2eb20000 - 0x00007ffd2eb35000 	C:\Windows\system32\wshbth.dll
0x00007ffd513d0000 - 0x00007ffd513ed000 	C:\Windows\system32\NLAapi.dll
0x00007ffd53980000 - 0x00007ffd539bb000 	C:\Windows\SYSTEM32\IPHLPAPI.DLL
0x00007ffd53cf0000 - 0x00007ffd53d5a000 	C:\Windows\System32\mswsock.dll
0x00007ffd53a10000 - 0x00007ffd53ada000 	C:\Windows\SYSTEM32\DNSAPI.dll
0x00007ffd560b0000 - 0x00007ffd560b8000 	C:\Windows\System32\NSI.dll
0x00007ffd2e760000 - 0x00007ffd2e772000 	C:\Windows\System32\winrnr.dll
0x00007ffd4bf00000 - 0x00007ffd4bf80000 	C:\Windows\System32\fwpuclnt.dll
0x00007ffd4cd40000 - 0x00007ffd4cd4a000 	C:\Windows\System32\rasadhlp.dll
0x00007ffd4a360000 - 0x00007ffd4a37a000 	C:\Java\jdk1.8.0_202\jre\bin\net.dll
0x00007ffd46320000 - 0x00007ffd4650c000 	C:\Windows\SYSTEM32\urlmon.dll
0x00007ffd46b50000 - 0x00007ffd46b78000 	C:\Windows\SYSTEM32\srvcli.dll
0x00007ffd53ae0000 - 0x00007ffd53aec000 	C:\Windows\SYSTEM32\netutils.dll
0x00007ffd46b80000 - 0x00007ffd46e3e000 	C:\Windows\SYSTEM32\iertutil.dll
0x00007ffd52130000 - 0x00007ffd52314000 	C:\Windows\SYSTEM32\dbghelp.dll
0x00007ffd54b30000 - 0x00007ffd54bb2000 	C:\Windows\System32\bcryptPrimitives.dll

VM Arguments:
jvm_args: -agentlib:jdwp=transport=dt_socket,suspend=y,address=localhost:55018 -ea -javaagent:C:\Indus\Software\sts-4.23.1.RELEASE\configuration\org.eclipse.osgi\270\0\.cp\lib\javaagent-shaded.jar -Dfile.encoding=UTF-8 -Dstdout.encoding=UTF-8 -Dstderr.encoding=UTF-8 
java_command: org.eclipse.jdt.internal.junit.runner.RemoteTestRunner -version 3 -port 55017 -testLoaderClass org.eclipse.jdt.internal.junit4.runner.JUnit4TestLoader -loaderpluginname org.eclipse.jdt.junit4.runtime -classNames com.indus.training.persist.dao.TestEmployeeDaoImpl
java_class_path (initial): C:\IndusHibernateJPAProjects\Persistence\IndusReadOnly\target\test-classes;C:\IndusHibernateJPAProjects\Persistence\IndusReadOnly\target\classes;C:\Users\Navya Bade\.m2\repository\junit\junit\4.13.2\junit-4.13.2.jar;C:\Users\Navya Bade\.m2\repository\org\hamcrest\hamcrest-core\1.3\hamcrest-core-1.3.jar;C:\Users\Navya Bade\.m2\repository\mysql\mysql-connector-java\8.0.29\mysql-connector-java-8.0.29.jar;C:\Users\Navya Bade\.m2\repository\com\google\protobuf\protobuf-java\3.19.4\protobuf-java-3.19.4.jar;C:\Users\Navya Bade\.m2\repository\org\hibernate\hibernate-core\4.2.21.Final\hibernate-core-4.2.21.Final.jar;C:\Users\Navya Bade\.m2\repository\antlr\antlr\2.7.7\antlr-2.7.7.jar;C:\Users\Navya Bade\.m2\repository\org\jboss\logging\jboss-logging\3.1.0.GA\jboss-logging-3.1.0.GA.jar;C:\Users\Navya Bade\.m2\repository\dom4j\dom4j\1.6.1\dom4j-1.6.1.jar;C:\Users\Navya Bade\.m2\repository\org\javassist\javassist\3.18.1-GA\javassist-3.18.1-GA.jar;C:\Users\Navya Bade\.m2\repository\org\jboss\spec\javax\transaction\jboss-transaction-api_1.1_spec\1.0.1.Final\jboss-transaction-api_1.1_spec-1.0.1.Final.jar;C:\Users\Navya Bade\.m2\repository\org\hibernate\javax\persistence\hibernate-jpa-2.0-api\1.0.1.Final\hibernate-jpa-2.0-api-1.0.1.Final.jar;C:\Users\Navya Bade\.m2\repository\org\hibernate\common\hibernate-commons-annotations\4.0.2.Final\hibernate-commons-annotations-4.0.2.Final.jar;C:\Indus\Software\sts-4.23.1.RELEASE\configuration\org.eclipse.osgi\268\0\.cp;C:\Indus\Software\sts-4.23.1.RELEASE\configuration\org.eclipse.osgi\267\0\.cp;C:\Indus\Software\sts-4.23.1.RELEASE\configuration\org.eclipse.osgi\270\0\.cp\lib\javaagent-shaded.jar
Launcher Type: SUN_STANDARD

Environment Variables:
JAVA_HOME=C:\Java\jdk1.8.0_202
PATH=C:\Java\jdk1.8.0_202\jre\bin;C:/Indus/Software/sts-4.23.1.RELEASE//plugins/org.eclipse.justj.openjdk.hotspot.jre.full.win32.x86_64_21.0.3.v20240426-1530/jre/bin/server;C:/Indus/Software/sts-4.23.1.RELEASE//plugins/org.eclipse.justj.openjdk.hotspot.jre.full.win32.x86_64_21.0.3.v20240426-1530/jre/bin;C:\Program Files\Common Files\Oracle\Java\javapath;C:\Program Files (x86)\Common Files\Oracle\Java\javapath;C:\Windows\system32;C:\Windows;C:\Windows\System32\Wbem;C:\Windows\System32\WindowsPowerShell\v1.0\;C:\Windows\System32\OpenSSH\;C:\Program Files (x86)\GitExtensions\;C:\Program Files\Git\cmd;C:\Program Files\dotnet\;C:\Program Files (x86)\Pulse Secure\VC142.CRT\X64\;C:\Program Files (x86)\Pulse Secure\VC142.CRT\X86\;C:\Program Files\nodejs\;C:\Program Files\apache-maven-3.9.6\bin;C:\hadoop\sbin;C:\Java\jdk1.8.0_202\bin;C:\hadoop\bin;C:\Program Files\Amazon\AWSCLIV2\;C:\Program Files\Java\jdk-17\bin\bin;C:\Users\Navya Bade\AppData\Local\Programs\Python\Python311\Scripts\;C:\Users\Navya Bade\AppData\Local\Programs\Python\Python311\;C:\Users\Navya Bade\AppData\Local\Microsoft\WindowsApps;C:\Users\Navya Bade\AppData\Local\Programs\Microsoft VS Code\bin;C:\Users\Navya Bade\AppData\Roaming\npm;C:\Indus\Software\sts-4.23.1.RELEASE;
USERNAME=Navya Bade
OS=Windows_NT
PROCESSOR_IDENTIFIER=Intel64 Family 6 Model 140 Stepping 1, GenuineIntel



---------------  S Y S T E M  ---------------

OS: Windows 10.0 , 64 bit Build 19041 (10.0.19041.4842)

CPU:total 8 (initial active 8) (4 cores per cpu, 2 threads per core) family 6 model 140 stepping 1, cmov, cx8, fxsr, mmx, sse, sse2, sse3, ssse3, sse4.1, sse4.2, popcnt, avx, avx2, aes, clmul, erms, 3dnowpref, lzcnt, ht, tsc, tscinvbit, bmi1, bmi2, adx

Memory: 4k page, physical 16493352k(5550160k free), swap 26454824k(9999212k free)

vm_info: Java HotSpot(TM) 64-Bit Server VM (25.202-b08) for windows-amd64 JRE (1.8.0_202-b08), built on Dec 15 2018 19:54:30 by "java_re" with MS VC++ 10.0 (VS2010)

time: Sun Sep 15 11:33:37 2024
timezone: Eastern Daylight Time
elapsed time: 193 seconds (0d 0h 3m 13s)

